<?xml version="1.0" encoding="UTF-8"?>
<testng-results ignored="0" total="1" passed="1" failed="0" skipped="0">
  <reporter-output>
  </reporter-output>
  <suite started-at="2022-08-26T12:38:42 IST" name="Default suite" finished-at="2022-08-26T12:38:42 IST" duration-ms="118">
    <groups>
    </groups>
    <test started-at="2022-08-26T12:38:42 IST" name="Default test" finished-at="2022-08-26T12:38:42 IST" duration-ms="118">
      <class name="KiteAppTestClasses.KiteAppTestNGClasses">
        <test-method signature="f()[pri:0, instance:KiteAppTestClasses.KiteAppTestNGClasses@5876a9af]" started-at="2022-08-26T12:38:42 IST" name="f" finished-at="2022-08-26T12:38:42 IST" duration-ms="22" status="PASS">
          <reporter-output>
          </reporter-output>
        </test-method> <!-- f -->
      </class> <!-- KiteAppTestClasses.KiteAppTestNGClasses -->
    </test> <!-- Default test -->
  </suite> <!-- Default suite -->
</testng-results>
